#! /usr/local/iverilog/bin/vvp
:ivl_version "11.0 (devel)";
:ivl_delay_selection "TYPICAL";
:vpi_time_precision + 0;
:vpi_module "C:\iverilog\lib\ivl\system.vpi";
:vpi_module "C:\iverilog\lib\ivl\vhdl_sys.vpi";
:vpi_module "C:\iverilog\lib\ivl\vhdl_textio.vpi";
:vpi_module "C:\iverilog\lib\ivl\v2005_math.vpi";
:vpi_module "C:\iverilog\lib\ivl\va_math.vpi";
S_00000000011093f0 .scope module, "cache_tb" "cache_tb" 2 5;
 .timescale 0 0;
P_00000000010b54a0 .param/l "initial_population_end" 0 2 34, +C4<00000000000000000000000010010110>;
P_00000000010b54d8 .param/l "initial_population_start" 0 2 33, +C4<00000000000000000000000000000101>;
P_00000000010b5510 .param/l "ram_size" 0 2 6, +C4<00000000000000000001000000000000>;
v000000000116a660_0 .var "address", 31 0;
v000000000116aca0_0 .var "clk", 0 0;
v000000000116ab60_0 .var "data", 31 0;
v0000000001169bc0_0 .net "dir_sig_hit", 0 0, v0000000001111b50_0;  1 drivers
v000000000116ade0_0 .var "finish", 0 0;
v000000000116ae80_0 .var/i "i", 31 0;
v0000000001169a80_0 .var/i "k", 31 0;
v0000000001169c60_0 .var/i "l", 31 0;
v000000000116af20_0 .var/i "local_usages_end", 31 0;
v00000000011693a0_0 .var/i "local_usages_start", 31 0;
v0000000001169080_0 .var "mode", 0 0;
v000000000116a3e0_0 .var/i "num_of_tests", 31 0;
v0000000001169d00_0 .net "out", 31 0, L_00000000010f7090;  1 drivers
v0000000001169120_0 .var/i "radius_end", 31 0;
v000000000116a200_0 .var/i "radius_range", 31 0;
v000000000116a840_0 .var/i "radius_start", 31 0;
v00000000011691c0_0 .var "reset", 0 0;
v0000000001169da0_0 .net "two_sig_hit", 0 0, v000000000116a8e0_0;  1 drivers
S_000000000110bbf0 .scope module, "instance1" "cache" 2 42, 3 1 0, S_00000000011093f0;
 .timescale 0 0;
    .port_info 0 /INPUT 32 "address";
    .port_info 1 /INPUT 32 "data";
    .port_info 2 /INPUT 1 "clk";
    .port_info 3 /INPUT 1 "mode";
    .port_info 4 /OUTPUT 32 "out";
    .port_info 5 /OUTPUT 1 "two_sig_hit";
    .port_info 6 /OUTPUT 1 "dir_sig_hit";
    .port_info 7 /INPUT 1 "finish";
    .port_info 8 /INPUT 1 "reset";
P_000000000110bd80 .param/str "dir_hit_out" 0 3 1, "direct_map_cache_hit.txt";
P_000000000110bdb8 .param/l "dir_info" 0 3 1, +C4<00000000000000000000000000000000>;
P_000000000110bdf0 .param/l "direct_map_cache_size" 0 3 18, +C4<00000000000000000000000001000000>;
P_000000000110be28 .param/l "direct_map_index_size" 0 3 19, +C4<00000000000000000000000000000110>;
P_000000000110be60 .param/str "improve_out" 0 3 1, "improvement.txt";
P_000000000110be98 .param/l "ram_size" 0 3 22, +C4<00000000000000000001000000000000>;
P_000000000110bed0 .param/str "two_hit_out" 0 3 1, "two_way_cache_hit.txt";
P_000000000110bf08 .param/l "two_info" 0 3 1, +C4<00000000000000000000000000000000>;
P_000000000110bf40 .param/l "two_way_cache_size" 0 3 20, +C4<00000000000000000000000000100000>;
P_000000000110bf78 .param/l "two_way_index_size" 0 3 21, +C4<00000000000000000000000000000101>;
L_00000000010f7090 .functor BUFZ 32, v000000000116a520_0, C4<00000000000000000000000000000000>, C4<00000000000000000000000000000000>, C4<00000000000000000000000000000000>;
v00000000011116f0_0 .net "address", 31 0, v000000000116a660_0;  1 drivers
v0000000001111650 .array "cache_w0", 31 0, 31 0;
v0000000001111fb0 .array "cache_w1", 31 0, 31 0;
v0000000001112050_0 .net "clk", 0 0, v000000000116aca0_0;  1 drivers
v00000000011118d0_0 .var/i "d_h_writer", 31 0;
v00000000011122d0_0 .net "data", 31 0, v000000000116ab60_0;  1 drivers
v00000000011115b0_0 .var/real "dir_map_hits", 0 0;
v0000000001111830_0 .var/real "dir_map_misses", 0 0;
v0000000001111b50_0 .var "dir_sig_hit", 0 0;
v00000000011120f0 .array "direct_cache", 63 0, 31 0;
v0000000001111bf0 .array "direct_tag_array", 63 0, 5 0;
v0000000001111970 .array "direct_valid_array", 63 0, 0 0;
v0000000001111a10_0 .net "finish", 0 0, v000000000116ade0_0;  1 drivers
v0000000001111790_0 .var/i "i", 31 0;
v0000000001112190_0 .var/i "imp_writer", 31 0;
v0000000001111ab0_0 .var "index", 4 0;
v0000000001111dd0 .array "lru_array", 31 0, 0 0;
v0000000001111c90_0 .net "mode", 0 0, v0000000001169080_0;  1 drivers
v00000000011113d0_0 .net "out", 31 0, L_00000000010f7090;  alias, 1 drivers
v0000000001111d30_0 .var "prev_address", 31 0;
v0000000001111e70_0 .var "prev_data", 31 0;
v0000000001112230_0 .var "prev_mode", 0 0;
v0000000001111510 .array "ram", 4095 0, 31 0;
v0000000001169b20_0 .net "reset", 0 0, v00000000011691c0_0;  1 drivers
v000000000116a7a0_0 .var/i "t_h_writer", 31 0;
v000000000116a160_0 .var "tag", 6 0;
v0000000001169940 .array "tag_array_w0", 31 0, 6 0;
v000000000116aac0 .array "tag_array_w1", 31 0, 6 0;
v000000000116a520_0 .var "temp_out", 31 0;
v00000000011699e0_0 .var/i "total_reqs", 31 0;
v000000000116a8e0_0 .var "two_sig_hit", 0 0;
v0000000001169300_0 .var/real "two_way_hits", 0 0;
v000000000116a700_0 .var/real "two_way_misses", 0 0;
v000000000116ad40 .array "valid_array_w0", 31 0, 0 0;
v000000000116ac00 .array "valid_array_w1", 31 0, 0 0;
E_00000000010ff2b0 .event posedge, v0000000001112050_0;
S_00000000010f5dc0 .scope begin, "initialization" "initialization" 3 68, 3 68 0, S_000000000110bbf0;
 .timescale 0 0;
v0000000001111470_0 .var/i "i", 31 0;
    .scope S_000000000110bbf0;
T_0 ;
    %pushi/vec4 0, 0, 32;
    %store/vec4 v0000000001111790_0, 0, 32;
T_0.0 ;
    %load/vec4 v0000000001111790_0;
    %cmpi/s 4096, 0, 32;
    %jmp/0xz T_0.1, 5;
    %load/vec4 v0000000001111790_0;
    %ix/getv/s 4, v0000000001111790_0;
    %store/vec4a v0000000001111510, 4, 0;
    %load/vec4 v0000000001111790_0;
    %addi 1, 0, 32;
    %store/vec4 v0000000001111790_0, 0, 32;
    %jmp T_0.0;
T_0.1 ;
    %end;
    .thread T_0;
    .scope S_000000000110bbf0;
T_1 ;
    %fork t_1, S_00000000010f5dc0;
    %jmp t_0;
    .scope S_00000000010f5dc0;
t_1 ;
    %pushi/vec4 0, 0, 32;
    %store/vec4 v0000000001111470_0, 0, 32;
T_1.0 ;
    %load/vec4 v0000000001111470_0;
    %cmpi/s 32, 0, 32;
    %jmp/0xz T_1.1, 5;
    %pushi/vec4 0, 0, 1;
    %ix/getv/s 4, v0000000001111470_0;
    %store/vec4a v000000000116ad40, 4, 0;
    %pushi/vec4 0, 0, 1;
    %ix/getv/s 4, v0000000001111470_0;
    %store/vec4a v000000000116ac00, 4, 0;
    %pushi/vec4 0, 0, 7;
    %ix/getv/s 4, v0000000001111470_0;
    %store/vec4a v0000000001169940, 4, 0;
    %pushi/vec4 0, 0, 7;
    %ix/getv/s 4, v0000000001111470_0;
    %store/vec4a v000000000116aac0, 4, 0;
    %pushi/vec4 0, 0, 1;
    %ix/getv/s 4, v0000000001111470_0;
    %store/vec4a v0000000001111dd0, 4, 0;
    %load/vec4 v0000000001111470_0;
    %addi 1, 0, 32;
    %store/vec4 v0000000001111470_0, 0, 32;
    %jmp T_1.0;
T_1.1 ;
    %pushi/vec4 0, 0, 32;
    %store/vec4 v0000000001111470_0, 0, 32;
T_1.2 ;
    %load/vec4 v0000000001111470_0;
    %cmpi/s 64, 0, 32;
    %jmp/0xz T_1.3, 5;
    %pushi/vec4 0, 0, 1;
    %ix/getv/s 4, v0000000001111470_0;
    %store/vec4a v0000000001111970, 4, 0;
    %pushi/vec4 0, 0, 6;
    %ix/getv/s 4, v0000000001111470_0;
    %store/vec4a v0000000001111bf0, 4, 0;
    %load/vec4 v0000000001111470_0;
    %addi 1, 0, 32;
    %store/vec4 v0000000001111470_0, 0, 32;
    %jmp T_1.2;
T_1.3 ;
    %pushi/vec4 0, 0, 5;
    %store/vec4 v0000000001111ab0_0, 0, 5;
    %pushi/vec4 0, 0, 7;
    %store/vec4 v000000000116a160_0, 0, 7;
    %pushi/vec4 0, 0, 32;
    %store/vec4 v0000000001111d30_0, 0, 32;
    %pushi/vec4 0, 0, 32;
    %store/vec4 v0000000001111e70_0, 0, 32;
    %pushi/vec4 0, 0, 1;
    %store/vec4 v0000000001112230_0, 0, 1;
    %pushi/vec4 0, 0, 1;
    %store/vec4 v000000000116a8e0_0, 0, 1;
    %pushi/vec4 0, 0, 1;
    %store/vec4 v0000000001111b50_0, 0, 1;
    %pushi/real 0, 4065; load=0.00000
    %store/real v0000000001169300_0;
    %pushi/real 0, 4065; load=0.00000
    %store/real v000000000116a700_0;
    %pushi/real 0, 4065; load=0.00000
    %store/real v00000000011115b0_0;
    %pushi/real 0, 4065; load=0.00000
    %store/real v0000000001111830_0;
    %pushi/vec4 0, 0, 32;
    %store/vec4 v00000000011699e0_0, 0, 32;
    %vpi_func 3 97 "$fopen" 32, P_000000000110bed0, "w" {0 0 0};
    %store/vec4 v000000000116a7a0_0, 0, 32;
    %vpi_func 3 98 "$fopen" 32, P_000000000110bd80, "w" {0 0 0};
    %store/vec4 v00000000011118d0_0, 0, 32;
    %vpi_func 3 99 "$fopen" 32, P_000000000110be60, "w" {0 0 0};
    %store/vec4 v0000000001112190_0, 0, 32;
    %end;
    .scope S_000000000110bbf0;
t_0 %join;
    %end;
    .thread T_1;
    .scope S_000000000110bbf0;
T_2 ;
    %wait E_00000000010ff2b0;
    %load/vec4 v0000000001169b20_0;
    %flag_set/vec4 8;
    %jmp/0xz  T_2.0, 8;
    %pushi/vec4 0, 0, 32;
    %store/vec4 v0000000001111790_0, 0, 32;
T_2.2 ;
    %load/vec4 v0000000001111790_0;
    %cmpi/s 32, 0, 32;
    %jmp/0xz T_2.3, 5;
    %pushi/vec4 0, 0, 1;
    %ix/getv/s 4, v0000000001111790_0;
    %store/vec4a v000000000116ad40, 4, 0;
    %pushi/vec4 0, 0, 1;
    %ix/getv/s 4, v0000000001111790_0;
    %store/vec4a v000000000116ac00, 4, 0;
    %pushi/vec4 0, 0, 7;
    %ix/getv/s 4, v0000000001111790_0;
    %store/vec4a v0000000001169940, 4, 0;
    %pushi/vec4 0, 0, 7;
    %ix/getv/s 4, v0000000001111790_0;
    %store/vec4a v000000000116aac0, 4, 0;
    %pushi/vec4 0, 0, 1;
    %ix/getv/s 4, v0000000001111790_0;
    %store/vec4a v0000000001111dd0, 4, 0;
    %load/vec4 v0000000001111790_0;
    %addi 1, 0, 32;
    %store/vec4 v0000000001111790_0, 0, 32;
    %jmp T_2.2;
T_2.3 ;
    %pushi/vec4 0, 0, 32;
    %store/vec4 v0000000001111790_0, 0, 32;
T_2.4 ;
    %load/vec4 v0000000001111790_0;
    %cmpi/s 64, 0, 32;
    %jmp/0xz T_2.5, 5;
    %pushi/vec4 0, 0, 1;
    %ix/getv/s 4, v0000000001111790_0;
    %store/vec4a v0000000001111970, 4, 0;
    %pushi/vec4 0, 0, 6;
    %ix/getv/s 4, v0000000001111790_0;
    %store/vec4a v0000000001111bf0, 4, 0;
    %load/vec4 v0000000001111790_0;
    %addi 1, 0, 32;
    %store/vec4 v0000000001111790_0, 0, 32;
    %jmp T_2.4;
T_2.5 ;
    %pushi/vec4 0, 0, 5;
    %store/vec4 v0000000001111ab0_0, 0, 5;
    %pushi/vec4 0, 0, 7;
    %store/vec4 v000000000116a160_0, 0, 7;
    %pushi/vec4 0, 0, 32;
    %store/vec4 v0000000001111d30_0, 0, 32;
    %pushi/vec4 0, 0, 32;
    %store/vec4 v0000000001111e70_0, 0, 32;
    %pushi/vec4 0, 0, 1;
    %store/vec4 v0000000001112230_0, 0, 1;
    %pushi/vec4 0, 0, 1;
    %store/vec4 v000000000116a8e0_0, 0, 1;
    %pushi/vec4 0, 0, 1;
    %store/vec4 v0000000001111b50_0, 0, 1;
    %pushi/real 0, 4065; load=0.00000
    %store/real v0000000001169300_0;
    %pushi/real 0, 4065; load=0.00000
    %store/real v000000000116a700_0;
    %pushi/real 0, 4065; load=0.00000
    %store/real v00000000011115b0_0;
    %pushi/real 0, 4065; load=0.00000
    %store/real v0000000001111830_0;
    %pushi/vec4 0, 0, 32;
    %store/vec4 v00000000011699e0_0, 0, 32;
    %jmp T_2.1;
T_2.0 ;
    %load/vec4 v0000000001111d30_0;
    %load/vec4 v00000000011116f0_0;
    %cmp/ne;
    %flag_mov 8, 4;
    %load/vec4 v0000000001111e70_0;
    %load/vec4 v00000000011122d0_0;
    %cmp/ne;
    %flag_or 4, 8;
    %flag_mov 8, 4;
    %load/vec4 v0000000001112230_0;
    %load/vec4 v0000000001111c90_0;
    %cmp/ne;
    %flag_or 4, 8;
    %jmp/0xz  T_2.6, 4;
    %load/vec4 v00000000011699e0_0;
    %addi 1, 0, 32;
    %store/vec4 v00000000011699e0_0, 0, 32;
    %load/vec4 v00000000011116f0_0;
    %pushi/vec4 4096, 0, 32;
    %mod;
    %store/vec4 v0000000001111d30_0, 0, 32;
    %load/vec4 v00000000011122d0_0;
    %store/vec4 v0000000001111e70_0, 0, 32;
    %load/vec4 v0000000001111c90_0;
    %store/vec4 v0000000001112230_0, 0, 1;
    %load/vec4 v0000000001111d30_0;
    %ix/load 4, 5, 0;
    %flag_set/imm 4, 0;
    %shiftr 4;
    %pad/u 7;
    %store/vec4 v000000000116a160_0, 0, 7;
    %load/vec4 v00000000011116f0_0;
    %pushi/vec4 32, 0, 32;
    %mod;
    %pad/u 5;
    %store/vec4 v0000000001111ab0_0, 0, 5;
    %load/vec4 v0000000001111c90_0;
    %pad/u 32;
    %cmpi/e 1, 0, 32;
    %jmp/0xz  T_2.8, 4;
    %load/vec4 v00000000011122d0_0;
    %ix/getv 4, v0000000001111d30_0;
    %store/vec4a v0000000001111510, 4, 0;
    %load/vec4 v0000000001111ab0_0;
    %pad/u 7;
    %ix/vec4 4;
    %load/vec4a v000000000116ad40, 4;
    %pad/u 32;
    %pushi/vec4 1, 0, 32;
    %cmp/e;
    %flag_get/vec4 4;
    %load/vec4 v0000000001111ab0_0;
    %pad/u 7;
    %ix/vec4 4;
    %load/vec4a v0000000001169940, 4;
    %load/vec4 v000000000116a160_0;
    %cmp/e;
    %flag_get/vec4 4;
    %and;
    %flag_set/vec4 8;
    %jmp/0xz  T_2.10, 8;
    %load/vec4 v00000000011122d0_0;
    %load/vec4 v0000000001111ab0_0;
    %pad/u 7;
    %ix/vec4 4;
    %store/vec4a v0000000001111650, 4, 0;
    %pushi/vec4 0, 0, 1;
    %load/vec4 v0000000001111ab0_0;
    %pad/u 7;
    %ix/vec4 4;
    %store/vec4a v0000000001111dd0, 4, 0;
    %load/vec4 v00000000011122d0_0;
    %store/vec4 v000000000116a520_0, 0, 32;
    %pushi/vec4 1, 0, 1;
    %store/vec4 v000000000116a8e0_0, 0, 1;
    %load/real v0000000001169300_0;
    %pushi/vec4 1, 0, 32;
    %cvt/rv/s;
    %add/wr;
    %store/real v0000000001169300_0;
    %jmp T_2.11;
T_2.10 ;
    %load/vec4 v0000000001111ab0_0;
    %pad/u 7;
    %ix/vec4 4;
    %load/vec4a v000000000116ac00, 4;
    %pad/u 32;
    %pushi/vec4 1, 0, 32;
    %cmp/e;
    %flag_get/vec4 4;
    %load/vec4 v0000000001111ab0_0;
    %pad/u 7;
    %ix/vec4 4;
    %load/vec4a v000000000116aac0, 4;
    %load/vec4 v000000000116a160_0;
    %cmp/e;
    %flag_get/vec4 4;
    %and;
    %flag_set/vec4 8;
    %jmp/0xz  T_2.12, 8;
    %load/vec4 v00000000011122d0_0;
    %load/vec4 v0000000001111ab0_0;
    %pad/u 7;
    %ix/vec4 4;
    %store/vec4a v0000000001111fb0, 4, 0;
    %pushi/vec4 1, 0, 1;
    %load/vec4 v0000000001111ab0_0;
    %pad/u 7;
    %ix/vec4 4;
    %store/vec4a v0000000001111dd0, 4, 0;
    %load/vec4 v00000000011122d0_0;
    %store/vec4 v000000000116a520_0, 0, 32;
    %pushi/vec4 1, 0, 1;
    %store/vec4 v000000000116a8e0_0, 0, 1;
    %load/real v0000000001169300_0;
    %pushi/vec4 1, 0, 32;
    %cvt/rv/s;
    %add/wr;
    %store/real v0000000001169300_0;
    %jmp T_2.13;
T_2.12 ;
    %pushi/vec4 0, 0, 1;
    %store/vec4 v000000000116a8e0_0, 0, 1;
    %load/real v000000000116a700_0;
    %pushi/vec4 1, 0, 32;
    %cvt/rv/s;
    %add/wr;
    %store/real v000000000116a700_0;
T_2.13 ;
T_2.11 ;
    %jmp T_2.9;
T_2.8 ;
    %load/vec4 v0000000001111c90_0;
    %pad/u 32;
    %cmpi/e 0, 0, 32;
    %jmp/0xz  T_2.14, 4;
    %load/vec4 v0000000001111ab0_0;
    %pad/u 7;
    %ix/vec4 4;
    %load/vec4a v000000000116ad40, 4;
    %pad/u 32;
    %pushi/vec4 1, 0, 32;
    %cmp/e;
    %flag_get/vec4 4;
    %load/vec4 v0000000001111ab0_0;
    %pad/u 7;
    %ix/vec4 4;
    %load/vec4a v0000000001169940, 4;
    %load/vec4 v000000000116a160_0;
    %cmp/ne;
    %flag_get/vec4 4;
    %and;
    %load/vec4 v0000000001111ab0_0;
    %pad/u 7;
    %ix/vec4 4;
    %load/vec4a v000000000116ac00, 4;
    %pad/u 32;
    %pushi/vec4 1, 0, 32;
    %cmp/e;
    %flag_get/vec4 4;
    %load/vec4 v0000000001111ab0_0;
    %pad/u 7;
    %ix/vec4 4;
    %load/vec4a v000000000116aac0, 4;
    %load/vec4 v000000000116a160_0;
    %cmp/ne;
    %flag_get/vec4 4;
    %and;
    %and;
    %flag_set/vec4 8;
    %jmp/0xz  T_2.16, 8;
    %pushi/vec4 0, 0, 1;
    %store/vec4 v000000000116a8e0_0, 0, 1;
    %load/real v000000000116a700_0;
    %pushi/vec4 1, 0, 32;
    %cvt/rv/s;
    %add/wr;
    %store/real v000000000116a700_0;
    %load/vec4 v0000000001111ab0_0;
    %pad/u 7;
    %ix/vec4 4;
    %load/vec4a v0000000001111dd0, 4;
    %pad/u 32;
    %cmpi/e 0, 0, 32;
    %jmp/0xz  T_2.18, 4;
    %load/vec4 v000000000116a160_0;
    %load/vec4 v0000000001111ab0_0;
    %pad/u 7;
    %ix/vec4 4;
    %store/vec4a v000000000116aac0, 4, 0;
    %ix/getv 4, v0000000001111d30_0;
    %load/vec4a v0000000001111510, 4;
    %load/vec4 v0000000001111ab0_0;
    %pad/u 7;
    %ix/vec4 4;
    %store/vec4a v0000000001111fb0, 4, 0;
    %load/vec4 v0000000001111ab0_0;
    %pad/u 7;
    %ix/vec4 4;
    %load/vec4a v0000000001111fb0, 4;
    %store/vec4 v000000000116a520_0, 0, 32;
    %pushi/vec4 1, 0, 1;
    %load/vec4 v0000000001111ab0_0;
    %pad/u 7;
    %ix/vec4 4;
    %store/vec4a v0000000001111dd0, 4, 0;
    %jmp T_2.19;
T_2.18 ;
    %load/vec4 v0000000001111ab0_0;
    %pad/u 7;
    %ix/vec4 4;
    %load/vec4a v0000000001111dd0, 4;
    %pad/u 32;
    %cmpi/e 1, 0, 32;
    %jmp/0xz  T_2.20, 4;
    %load/vec4 v000000000116a160_0;
    %load/vec4 v0000000001111ab0_0;
    %pad/u 7;
    %ix/vec4 4;
    %store/vec4a v0000000001169940, 4, 0;
    %load/vec4 v0000000001111ab0_0;
    %pad/u 7;
    %ix/vec4 4;
    %load/vec4a v0000000001111650, 4;
    %store/vec4 v000000000116a520_0, 0, 32;
    %ix/getv 4, v0000000001111d30_0;
    %load/vec4a v0000000001111510, 4;
    %load/vec4 v0000000001111ab0_0;
    %pad/u 7;
    %ix/vec4 4;
    %store/vec4a v0000000001111650, 4, 0;
    %pushi/vec4 0, 0, 1;
    %load/vec4 v0000000001111ab0_0;
    %pad/u 7;
    %ix/vec4 4;
    %store/vec4a v0000000001111dd0, 4, 0;
T_2.20 ;
T_2.19 ;
    %jmp T_2.17;
T_2.16 ;
    %load/vec4 v0000000001111ab0_0;
    %pad/u 7;
    %ix/vec4 4;
    %load/vec4a v000000000116ad40, 4;
    %pad/u 32;
    %cmpi/e 0, 0, 32;
    %jmp/0xz  T_2.22, 4;
    %pushi/vec4 1, 0, 1;
    %load/vec4 v0000000001111ab0_0;
    %pad/u 7;
    %ix/vec4 4;
    %store/vec4a v000000000116ad40, 4, 0;
    %load/vec4 v000000000116a160_0;
    %load/vec4 v0000000001111ab0_0;
    %pad/u 7;
    %ix/vec4 4;
    %store/vec4a v0000000001169940, 4, 0;
    %ix/getv 4, v0000000001111d30_0;
    %load/vec4a v0000000001111510, 4;
    %load/vec4 v0000000001111ab0_0;
    %pad/u 7;
    %ix/vec4 4;
    %store/vec4a v0000000001111650, 4, 0;
    %pushi/vec4 0, 0, 1;
    %load/vec4 v0000000001111ab0_0;
    %pad/u 7;
    %ix/vec4 4;
    %store/vec4a v0000000001111dd0, 4, 0;
    %load/vec4 v0000000001111ab0_0;
    %pad/u 7;
    %ix/vec4 4;
    %load/vec4a v0000000001111650, 4;
    %store/vec4 v000000000116a520_0, 0, 32;
    %pushi/vec4 0, 0, 1;
    %store/vec4 v000000000116a8e0_0, 0, 1;
    %load/real v000000000116a700_0;
    %pushi/vec4 1, 0, 32;
    %cvt/rv/s;
    %add/wr;
    %store/real v000000000116a700_0;
    %jmp T_2.23;
T_2.22 ;
    %load/vec4 v0000000001111ab0_0;
    %pad/u 7;
    %ix/vec4 4;
    %load/vec4a v000000000116ad40, 4;
    %pad/u 32;
    %pushi/vec4 1, 0, 32;
    %cmp/e;
    %flag_get/vec4 4;
    %load/vec4 v0000000001111ab0_0;
    %pad/u 7;
    %ix/vec4 4;
    %load/vec4a v0000000001169940, 4;
    %load/vec4 v000000000116a160_0;
    %cmp/ne;
    %flag_get/vec4 4;
    %and;
    %load/vec4 v0000000001111ab0_0;
    %pad/u 7;
    %ix/vec4 4;
    %load/vec4a v000000000116ac00, 4;
    %pad/u 32;
    %pushi/vec4 0, 0, 32;
    %cmp/e;
    %flag_get/vec4 4;
    %and;
    %flag_set/vec4 8;
    %jmp/0xz  T_2.24, 8;
    %pushi/vec4 1, 0, 1;
    %load/vec4 v0000000001111ab0_0;
    %pad/u 7;
    %ix/vec4 4;
    %store/vec4a v000000000116ac00, 4, 0;
    %load/vec4 v000000000116a160_0;
    %load/vec4 v0000000001111ab0_0;
    %pad/u 7;
    %ix/vec4 4;
    %store/vec4a v000000000116aac0, 4, 0;
    %ix/getv 4, v0000000001111d30_0;
    %load/vec4a v0000000001111510, 4;
    %load/vec4 v0000000001111ab0_0;
    %pad/u 7;
    %ix/vec4 4;
    %store/vec4a v0000000001111fb0, 4, 0;
    %load/vec4 v0000000001111ab0_0;
    %pad/u 7;
    %ix/vec4 4;
    %load/vec4a v0000000001111fb0, 4;
    %store/vec4 v000000000116a520_0, 0, 32;
    %pushi/vec4 1, 0, 1;
    %load/vec4 v0000000001111ab0_0;
    %pad/u 7;
    %ix/vec4 4;
    %store/vec4a v0000000001111dd0, 4, 0;
    %pushi/vec4 0, 0, 1;
    %store/vec4 v000000000116a8e0_0, 0, 1;
    %load/real v000000000116a700_0;
    %pushi/vec4 1, 0, 32;
    %cvt/rv/s;
    %add/wr;
    %store/real v000000000116a700_0;
    %jmp T_2.25;
T_2.24 ;
    %load/vec4 v0000000001111ab0_0;
    %pad/u 7;
    %ix/vec4 4;
    %load/vec4a v000000000116ad40, 4;
    %pad/u 32;
    %pushi/vec4 1, 0, 32;
    %cmp/e;
    %flag_get/vec4 4;
    %load/vec4 v0000000001111ab0_0;
    %pad/u 7;
    %ix/vec4 4;
    %load/vec4a v0000000001169940, 4;
    %load/vec4 v000000000116a160_0;
    %cmp/e;
    %flag_get/vec4 4;
    %and;
    %flag_set/vec4 8;
    %jmp/0xz  T_2.26, 8;
    %pushi/vec4 0, 0, 1;
    %load/vec4 v0000000001111ab0_0;
    %pad/u 7;
    %ix/vec4 4;
    %store/vec4a v0000000001111dd0, 4, 0;
    %load/vec4 v0000000001111ab0_0;
    %pad/u 7;
    %ix/vec4 4;
    %load/vec4a v0000000001111650, 4;
    %store/vec4 v000000000116a520_0, 0, 32;
    %pushi/vec4 1, 0, 1;
    %store/vec4 v000000000116a8e0_0, 0, 1;
    %load/real v0000000001169300_0;
    %pushi/vec4 1, 0, 32;
    %cvt/rv/s;
    %add/wr;
    %store/real v0000000001169300_0;
    %jmp T_2.27;
T_2.26 ;
    %load/vec4 v0000000001111ab0_0;
    %pad/u 7;
    %ix/vec4 4;
    %load/vec4a v000000000116ac00, 4;
    %pad/u 32;
    %pushi/vec4 1, 0, 32;
    %cmp/e;
    %flag_get/vec4 4;
    %load/vec4 v0000000001111ab0_0;
    %pad/u 7;
    %ix/vec4 4;
    %load/vec4a v000000000116aac0, 4;
    %load/vec4 v000000000116a160_0;
    %cmp/e;
    %flag_get/vec4 4;
    %and;
    %flag_set/vec4 8;
    %jmp/0xz  T_2.28, 8;
    %pushi/vec4 1, 0, 1;
    %load/vec4 v0000000001111ab0_0;
    %pad/u 7;
    %ix/vec4 4;
    %store/vec4a v0000000001111dd0, 4, 0;
    %load/vec4 v0000000001111ab0_0;
    %pad/u 7;
    %ix/vec4 4;
    %load/vec4a v0000000001111fb0, 4;
    %store/vec4 v000000000116a520_0, 0, 32;
    %pushi/vec4 1, 0, 1;
    %store/vec4 v000000000116a8e0_0, 0, 1;
    %load/real v0000000001169300_0;
    %pushi/vec4 1, 0, 32;
    %cvt/rv/s;
    %add/wr;
    %store/real v0000000001169300_0;
T_2.28 ;
T_2.27 ;
T_2.25 ;
T_2.23 ;
T_2.17 ;
T_2.14 ;
T_2.9 ;
    %load/vec4 v0000000001111d30_0;
    %ix/load 4, 6, 0;
    %flag_set/imm 4, 0;
    %shiftr 4;
    %pad/u 7;
    %store/vec4 v000000000116a160_0, 0, 7;
    %load/vec4 v00000000011116f0_0;
    %pushi/vec4 64, 0, 32;
    %mod;
    %pad/u 5;
    %store/vec4 v0000000001111ab0_0, 0, 5;
    %load/vec4 v0000000001111c90_0;
    %pad/u 32;
    %cmpi/e 1, 0, 32;
    %jmp/0xz  T_2.30, 4;
    %load/vec4 v00000000011122d0_0;
    %ix/getv 4, v0000000001111d30_0;
    %store/vec4a v0000000001111510, 4, 0;
    %load/vec4 v0000000001111ab0_0;
    %pad/u 8;
    %ix/vec4 4;
    %load/vec4a v0000000001111970, 4;
    %pad/u 32;
    %pushi/vec4 1, 0, 32;
    %cmp/e;
    %flag_get/vec4 4;
    %load/vec4 v0000000001111ab0_0;
    %pad/u 8;
    %ix/vec4 4;
    %load/vec4a v0000000001111bf0, 4;
    %pad/u 7;
    %load/vec4 v000000000116a160_0;
    %cmp/e;
    %flag_get/vec4 4;
    %and;
    %flag_set/vec4 8;
    %jmp/0xz  T_2.32, 8;
    %load/vec4 v00000000011122d0_0;
    %load/vec4 v0000000001111ab0_0;
    %pad/u 8;
    %ix/vec4 4;
    %store/vec4a v00000000011120f0, 4, 0;
    %pushi/vec4 1, 0, 1;
    %store/vec4 v0000000001111b50_0, 0, 1;
    %load/real v00000000011115b0_0;
    %pushi/vec4 1, 0, 32;
    %cvt/rv/s;
    %add/wr;
    %store/real v00000000011115b0_0;
    %jmp T_2.33;
T_2.32 ;
    %pushi/vec4 0, 0, 1;
    %store/vec4 v0000000001111b50_0, 0, 1;
    %load/real v0000000001111830_0;
    %pushi/vec4 1, 0, 32;
    %cvt/rv/s;
    %add/wr;
    %store/real v0000000001111830_0;
T_2.33 ;
    %load/vec4 v00000000011122d0_0;
    %store/vec4 v000000000116a520_0, 0, 32;
    %jmp T_2.31;
T_2.30 ;
    %load/vec4 v0000000001111c90_0;
    %pad/u 32;
    %cmpi/e 0, 0, 32;
    %jmp/0xz  T_2.34, 4;
    %load/vec4 v0000000001111ab0_0;
    %pad/u 8;
    %ix/vec4 4;
    %load/vec4a v0000000001111970, 4;
    %pad/u 32;
    %cmpi/e 0, 0, 32;
    %flag_mov 8, 4;
    %load/vec4 v0000000001111ab0_0;
    %pad/u 8;
    %ix/vec4 4;
    %load/vec4a v0000000001111bf0, 4;
    %pad/u 7;
    %load/vec4 v000000000116a160_0;
    %cmp/ne;
    %flag_or 4, 8;
    %jmp/0xz  T_2.36, 4;
    %load/vec4 v000000000116a160_0;
    %pad/u 6;
    %load/vec4 v0000000001111ab0_0;
    %pad/u 8;
    %ix/vec4 4;
    %store/vec4a v0000000001111bf0, 4, 0;
    %pushi/vec4 1, 0, 1;
    %load/vec4 v0000000001111ab0_0;
    %pad/u 8;
    %ix/vec4 4;
    %store/vec4a v0000000001111970, 4, 0;
    %ix/getv 4, v0000000001111d30_0;
    %load/vec4a v0000000001111510, 4;
    %load/vec4 v0000000001111ab0_0;
    %pad/u 8;
    %ix/vec4 4;
    %store/vec4a v00000000011120f0, 4, 0;
    %load/vec4 v0000000001111ab0_0;
    %pad/u 8;
    %ix/vec4 4;
    %load/vec4a v00000000011120f0, 4;
    %store/vec4 v000000000116a520_0, 0, 32;
    %pushi/vec4 0, 0, 1;
    %store/vec4 v0000000001111b50_0, 0, 1;
    %load/real v0000000001111830_0;
    %pushi/vec4 1, 0, 32;
    %cvt/rv/s;
    %add/wr;
    %store/real v0000000001111830_0;
    %jmp T_2.37;
T_2.36 ;
    %load/vec4 v0000000001111ab0_0;
    %pad/u 8;
    %ix/vec4 4;
    %load/vec4a v00000000011120f0, 4;
    %store/vec4 v000000000116a520_0, 0, 32;
    %pushi/vec4 1, 0, 1;
    %store/vec4 v0000000001111b50_0, 0, 1;
    %load/real v00000000011115b0_0;
    %pushi/vec4 1, 0, 32;
    %cvt/rv/s;
    %add/wr;
    %store/real v00000000011115b0_0;
T_2.37 ;
T_2.34 ;
T_2.31 ;
T_2.6 ;
    %load/vec4 v0000000001111a10_0;
    %flag_set/vec4 8;
    %jmp/0xz  T_2.38, 8;
    %vpi_call 3 311 "$display", "total mem requests = %d", v00000000011699e0_0 {0 0 0};
    %load/real v0000000001169300_0;
    %load/vec4 v00000000011699e0_0;
    %cvt/rv/s;
    %div/wr;
    %vpi_call 3 312 "$display", "[two way hit rate = %f],[hits = %d],[misses = %d]", W<0,r>, v0000000001169300_0, v000000000116a700_0 {0 1 0};
    %load/real v00000000011115b0_0;
    %load/vec4 v00000000011699e0_0;
    %cvt/rv/s;
    %div/wr;
    %vpi_call 3 313 "$display", "[direct map hit rate = %f],[hits = %d],[misses = %d]", W<0,r>, v00000000011115b0_0, v0000000001111830_0 {0 1 0};
    %load/real v0000000001169300_0;
    %load/real v00000000011115b0_0;
    %pushi/real 1759218604, 4052; load=0.000100000
    %pushi/real 1852205, 4030; load=0.000100000
    %add/wr;
    %add/wr;
    %div/wr;
    %vpi_call 3 314 "$display", "improvement rate = %f", W<0,r> {0 1 0};
    %vpi_call 3 316 "$fwrite", v000000000116a7a0_0, "%d,", v0000000001169300_0 {0 0 0};
    %vpi_call 3 317 "$fwrite", v00000000011118d0_0, "%d,", v00000000011115b0_0 {0 0 0};
    %load/real v0000000001169300_0;
    %load/real v00000000011115b0_0;
    %pushi/real 1759218604, 4052; load=0.000100000
    %pushi/real 1852205, 4030; load=0.000100000
    %add/wr;
    %add/wr;
    %div/wr;
    %vpi_call 3 318 "$fwrite", v0000000001112190_0, "%f,", W<0,r> {0 1 0};
T_2.38 ;
T_2.1 ;
    %jmp T_2;
    .thread T_2;
    .scope S_00000000011093f0;
T_3 ;
    %pushi/vec4 100, 0, 32;
    %store/vec4 v000000000116a3e0_0, 0, 32;
    %pushi/vec4 5, 0, 32;
    %store/vec4 v000000000116a840_0, 0, 32;
    %pushi/vec4 32, 0, 32;
    %store/vec4 v0000000001169120_0, 0, 32;
    %pushi/vec4 5, 0, 32;
    %store/vec4 v00000000011693a0_0, 0, 32;
    %pushi/vec4 60, 0, 32;
    %store/vec4 v000000000116af20_0, 0, 32;
    %end;
    .thread T_3;
    .scope S_00000000011093f0;
T_4 ;
    %vpi_call 2 8 "$dumpfile", "cache.vcd" {0 0 0};
    %vpi_call 2 9 "$dumpvars", 32'sb00000000000000000000000000000000, S_00000000011093f0 {0 0 0};
    %end;
    .thread T_4;
    .scope S_00000000011093f0;
T_5 ;
    %pushi/vec4 0, 0, 1;
    %store/vec4 v000000000116aca0_0, 0, 1;
    %end;
    .thread T_5;
    .scope S_00000000011093f0;
T_6 ;
    %delay 5, 0;
    %load/vec4 v000000000116aca0_0;
    %inv;
    %store/vec4 v000000000116aca0_0, 0, 1;
    %jmp T_6;
    .thread T_6;
    .scope S_00000000011093f0;
T_7 ;
    %pushi/vec4 0, 0, 1;
    %store/vec4 v00000000011691c0_0, 0, 1;
    %pushi/vec4 0, 0, 1;
    %store/vec4 v000000000116ade0_0, 0, 1;
    %pushi/vec4 0, 0, 1;
    %store/vec4 v0000000001169080_0, 0, 1;
    %vpi_func 2 84 "$fopen" 32, "radius_range.txt", "w" {0 0 0};
    %store/vec4 v000000000116a200_0, 0, 32;
    %load/vec4 v000000000116a840_0;
    %store/vec4 v000000000116ae80_0, 0, 32;
T_7.0 ;
    %load/vec4 v000000000116ae80_0;
    %load/vec4 v0000000001169120_0;
    %cmp/s;
    %jmp/0xz T_7.1, 5;
    %vpi_call 2 87 "$fwrite", v000000000116a200_0, "%d,", v000000000116ae80_0 {0 0 0};
    %pushi/vec4 0, 0, 1;
    %store/vec4 v00000000011691c0_0, 0, 1;
    %load/vec4 v000000000116ae80_0;
    %vpi_func 2 89 "$urandom" 32 {0 0 0};
    %pushi/vec4 4096, 0, 32;
    %load/vec4 v000000000116ae80_0;
    %sub;
    %mod;
    %add;
    %store/vec4 v0000000001169a80_0, 0, 32;
    %pushi/vec4 0, 0, 32;
    %store/vec4 v0000000001169c60_0, 0, 32;
T_7.2 ;
    %load/vec4 v0000000001169c60_0;
    %load/vec4 v000000000116a3e0_0;
    %cmp/s;
    %jmp/0xz T_7.3, 5;
    %load/vec4 v0000000001169a80_0;
    %vpi_func 2 92 "$urandom" 32 {0 0 0};
    %pushi/vec4 2, 0, 32;
    %mod;
    %cmpi/ne 0, 0, 32;
    %flag_mov 8, 4;
    %jmp/0 T_7.4, 8;
    %pushi/vec4 1, 0, 32;
    %jmp/1 T_7.5, 8;
T_7.4 ; End of true expr.
    %pushi/vec4 4294967295, 0, 32;
    %jmp/0 T_7.5, 8;
 ; End of false expr.
    %blend;
T_7.5;
    %vpi_func 2 92 "$urandom" 32 {0 0 0};
    %load/vec4 v000000000116ae80_0;
    %mod;
    %mul;
    %add;
    %store/vec4 v000000000116a660_0, 0, 32;
    %delay 10, 0;
    %load/vec4 v0000000001169c60_0;
    %addi 1, 0, 32;
    %store/vec4 v0000000001169c60_0, 0, 32;
    %jmp T_7.2;
T_7.3 ;
    %pushi/vec4 0, 0, 32;
    %store/vec4 v000000000116a660_0, 0, 32;
    %pushi/vec4 1, 0, 1;
    %store/vec4 v000000000116ade0_0, 0, 1;
    %delay 10, 0;
    %pushi/vec4 1, 0, 1;
    %store/vec4 v00000000011691c0_0, 0, 1;
    %pushi/vec4 0, 0, 1;
    %store/vec4 v000000000116ade0_0, 0, 1;
    %delay 10, 0;
    %load/vec4 v000000000116ae80_0;
    %addi 1, 0, 32;
    %store/vec4 v000000000116ae80_0, 0, 32;
    %jmp T_7.0;
T_7.1 ;
    %vpi_call 2 141 "$finish" {0 0 0};
    %end;
    .thread T_7;
# The file index is used to find the file name in the following table.
:file_names 4;
    "N/A";
    "<interactive>";
    "cache_tb.v";
    "./cache.v";
